# JRE version: OpenJDK Runtime Environment (8.0_202) (build 1.8.0_202-release-1483-b49-5587405)
# Java VM: OpenJDK 64-Bit Server VM (25.202-b49-5587405 mixed mode linux-amd64 compressed oops)
Heap:
 PSYoungGen      total 346624K, used 3093K [0x00000000e0000000, 0x00000000f7080000, 0x0000000100000000)
  eden space 315904K, 0% used [0x00000000e0000000,0x00000000e0000000,0x00000000f3480000)
  from space 30720K, 10% used [0x00000000f3480000,0x00000000f3785588,0x00000000f5280000)
  to   space 27648K, 0% used [0x00000000f5580000,0x00000000f5580000,0x00000000f7080000)
 ParOldGen       total 153088K, used 68873K [0x00000000a0000000, 0x00000000a9580000, 0x00000000e0000000)
  object space 153088K, 44% used [0x00000000a0000000,0x00000000a43425a8,0x00000000a9580000)
 Metaspace       used 121245K, capacity 126382K, committed 127064K, reserved 1159168K
  class space    used 15383K, capacity 16336K, committed 16512K, reserved 1048576K
GC Heap History (10 events):
Event: 11888,197 GC heap after
Heap after GC invocations=33 (full 4):
 PSYoungGen      total 262656K, used 10378K [0x00000000e0000000, 0x00000000f3200000, 0x0000000100000000)
  eden space 251904K, 0% used [0x00000000e0000000,0x00000000e0000000,0x00000000ef600000)
  from space 10752K, 96% used [0x00000000ef600000,0x00000000f0022aa8,0x00000000f0080000)
  to   space 30720K, 0% used [0x00000000f1400000,0x00000000f1400000,0x00000000f3200000)
 ParOldGen       total 153088K, used 90103K [0x00000000a0000000, 0x00000000a9580000, 0x00000000e0000000)
  object space 153088K, 58% used [0x00000000a0000000,0x00000000a57fdcb8,0x00000000a9580000)
 Metaspace       used 107951K, capacity 113370K, committed 113624K, reserved 1148928K
  class space    used 13778K, capacity 14819K, committed 14848K, reserved 1048576K
}
Event: 11888,197 GC heap before
{Heap before GC invocations=34 (full 5):
 PSYoungGen      total 262656K, used 10378K [0x00000000e0000000, 0x00000000f3200000, 0x0000000100000000)
  eden space 251904K, 0% used [0x00000000e0000000,0x00000000e0000000,0x00000000ef600000)
  from space 10752K, 96% used [0x00000000ef600000,0x00000000f0022aa8,0x00000000f0080000)
  to   space 30720K, 0% used [0x00000000f1400000,0x00000000f1400000,0x00000000f3200000)
 ParOldGen       total 153088K, used 90103K [0x00000000a0000000, 0x00000000a9580000, 0x00000000e0000000)
  object space 153088K, 58% used [0x00000000a0000000,0x00000000a57fdcb8,0x00000000a9580000)
 Metaspace       used 107951K, capacity 113370K, committed 113624K, reserved 1148928K
  class space    used 13778K, capacity 14819K, committed 14848K, reserved 1048576K
Event: 11924,534 GC heap after
Heap after GC invocations=34 (full 5):
 PSYoungGen      total 262656K, used 0K [0x00000000e0000000, 0x00000000f3200000, 0x0000000100000000)
  eden space 251904K, 0% used [0x00000000e0000000,0x00000000e0000000,0x00000000ef600000)
  from space 10752K, 0% used [0x00000000ef600000,0x00000000ef600000,0x00000000f0080000)
  to   space 30720K, 0% used [0x00000000f1400000,0x00000000f1400000,0x00000000f3200000)
 ParOldGen       total 153088K, used 64180K [0x00000000a0000000, 0x00000000a9580000, 0x00000000e0000000)
  object space 153088K, 41% used [0x00000000a0000000,0x00000000a3ead188,0x00000000a9580000)
 Metaspace       used 105616K, capacity 109894K, committed 113624K, reserved 1148928K
  class space    used 13409K, capacity 14238K, committed 14848K, reserved 1048576K
}
Event: 12121,785 GC heap before
{Heap before GC invocations=35 (full 5):
 PSYoungGen      total 262656K, used 251904K [0x00000000e0000000, 0x00000000f3200000, 0x0000000100000000)
  eden space 251904K, 100% used [0x00000000e0000000,0x00000000ef600000,0x00000000ef600000)
  from space 10752K, 0% used [0x00000000ef600000,0x00000000ef600000,0x00000000f0080000)
  to   space 30720K, 0% used [0x00000000f1400000,0x00000000f1400000,0x00000000f3200000)
 ParOldGen       total 153088K, used 64180K [0x00000000a0000000, 0x00000000a9580000, 0x00000000e0000000)
  object space 153088K, 41% used [0x00000000a0000000,0x00000000a3ead188,0x00000000a9580000)
 Metaspace       used 110108K, capacity 114470K, committed 116568K, reserved 1150976K
  class space    used 13998K, capacity 14818K, committed 15232K, reserved 1048576K
Event: 12185,984 GC heap after
Heap after GC invocations=35 (full 5):
 PSYoungGen      total 283136K, used 6216K [0x00000000e0000000, 0x00000000f7000000, 0x0000000100000000)
  eden space 252416K, 0% used [0x00000000e0000000,0x00000000e0000000,0x00000000ef680000)
  from space 30720K, 20% used [0x00000000f1400000,0x00000000f1a12278,0x00000000f3200000)
  to   space 30208K, 0% used [0x00000000ef680000,0x00000000ef680000,0x00000000f1400000)
 ParOldGen       total 153088K, used 64188K [0x00000000a0000000, 0x00000000a9580000, 0x00000000e0000000)
  object space 153088K, 41% used [0x00000000a0000000,0x00000000a3eaf188,0x00000000a9580000)
 Metaspace       used 110108K, capacity 114470K, committed 116568K, reserved 1150976K
  class space    used 13998K, capacity 14818K, committed 15232K, reserved 1048576K
}
Event: 12466,972 GC heap before
{Heap before GC invocations=36 (full 5):
 PSYoungGen      total 283136K, used 258632K [0x00000000e0000000, 0x00000000f7000000, 0x0000000100000000)
  eden space 252416K, 100% used [0x00000000e0000000,0x00000000ef680000,0x00000000ef680000)
  from space 30720K, 20% used [0x00000000f1400000,0x00000000f1a12278,0x00000000f3200000)
  to   space 30208K, 0% used [0x00000000ef680000,0x00000000ef680000,0x00000000f1400000)
 ParOldGen       total 153088K, used 64188K [0x00000000a0000000, 0x00000000a9580000, 0x00000000e0000000)
  object space 153088K, 41% used [0x00000000a0000000,0x00000000a3eaf188,0x00000000a9580000)
 Metaspace       used 119289K, capacity 124244K, committed 125144K, reserved 1159168K
  class space    used 15274K, capacity 16211K, committed 16384K, reserved 1048576K
Event: 12513,605 GC heap after
Heap after GC invocations=36 (full 5):
 PSYoungGen      total 282624K, used 21662K [0x00000000e0000000, 0x00000000f7480000, 0x0000000100000000)
  eden space 252416K, 0% used [0x00000000e0000000,0x00000000e0000000,0x00000000ef680000)
  from space 30208K, 71% used [0x00000000ef680000,0x00000000f0ba7bf8,0x00000000f1400000)
  to   space 31744K, 0% used [0x00000000f5580000,0x00000000f5580000,0x00000000f7480000)
 ParOldGen       total 153088K, used 64196K [0x00000000a0000000, 0x00000000a9580000, 0x00000000e0000000)
  object space 153088K, 41% used [0x00000000a0000000,0x00000000a3eb1188,0x00000000a9580000)
 Metaspace       used 119289K, capacity 124244K, committed 125144K, reserved 1159168K
  class space    used 15274K, capacity 16211K, committed 16384K, reserved 1048576K
}
Event: 12545,002 GC heap before
{Heap before GC invocations=37 (full 5):
 PSYoungGen      total 282624K, used 274078K [0x00000000e0000000, 0x00000000f7480000, 0x0000000100000000)
  eden space 252416K, 100% used [0x00000000e0000000,0x00000000ef680000,0x00000000ef680000)
  from space 30208K, 71% used [0x00000000ef680000,0x00000000f0ba7bf8,0x00000000f1400000)
  to   space 31744K, 0% used [0x00000000f5580000,0x00000000f5580000,0x00000000f7480000)
 ParOldGen       total 153088K, used 64196K [0x00000000a0000000, 0x00000000a9580000, 0x00000000e0000000)
  object space 153088K, 41% used [0x00000000a0000000,0x00000000a3eb1188,0x00000000a9580000)
 Metaspace       used 120597K, capacity 125694K, committed 126552K, reserved 1159168K
  class space    used 15362K, capacity 16328K, committed 16512K, reserved 1048576K
Event: 12545,873 GC heap after
Heap after GC invocations=37 (full 5):
 PSYoungGen      total 343552K, used 9082K [0x00000000e0000000, 0x00000000f7080000, 0x0000000100000000)
  eden space 315904K, 0% used [0x00000000e0000000,0x00000000e0000000,0x00000000f3480000)
  from space 27648K, 32% used [0x00000000f5580000,0x00000000f5e5e818,0x00000000f7080000)
  to   space 30720K, 0% used [0x00000000f3480000,0x00000000f3480000,0x00000000f5280000)
 ParOldGen       total 153088K, used 64204K [0x00000000a0000000, 0x00000000a9580000, 0x00000000e0000000)
  object space 153088K, 41% used [0x00000000a0000000,0x00000000a3eb3188,0x00000000a9580000)
 Metaspace       used 120597K, capacity 125694K, committed 126552K, reserved 1159168K
  class space    used 15362K, capacity 16328K, committed 16512K, reserved 1048576K
}
Event: 12589,771 GC heap before
{Heap before GC invocations=38 (full 5):
 PSYoungGen      total 343552K, used 324986K [0x00000000e0000000, 0x00000000f7080000, 0x0000000100000000)
  eden space 315904K, 100% used [0x00000000e0000000,0x00000000f3480000,0x00000000f3480000)
  from space 27648K, 32% used [0x00000000f5580000,0x00000000f5e5e818,0x00000000f7080000)
  to   space 30720K, 0% used [0x00000000f3480000,0x00000000f3480000,0x00000000f5280000)
 ParOldGen       total 153088K, used 64204K [0x00000000a0000000, 0x00000000a9580000, 0x00000000e0000000)
  object space 153088K, 41% used [0x00000000a0000000,0x00000000a3eb3188,0x00000000a9580000)
 Metaspace       used 121245K, capacity 126382K, committed 127064K, reserved 1159168K
  class space    used 15383K, capacity 16336K, committed 16512K, reserved 1048576K

